<?xml version="1.0" encoding="UTF-8"?>
<!-- Generated by org.testng.reporters.JUnitReportReporter -->
<testsuite hostname="selenium35" failures="0" tests="3" name="runner.MyTestRunner" time="3.949" errors="0" timestamp="2025-01-21T15:24:33 IST" skipped="0">
  <testcase classname="runner.MyTestRunner" name="runScenario" time="1.781"/>
  <system-out/>
  <testcase classname="runner.MyTestRunner" name="runScenario" time="2.166"/>
  <system-out/>
  <testcase classname="runner.MyTestRunner" name="f" time="0.002"/>
  <system-out/>
</testsuite> <!-- runner.MyTestRunner -->
